{
  "RSpec": {
    "coverage": {
      "/Users/apple/Projects/Challenges/bookmark_manager/spec/feature/add_bookmark_feature_spec.rb": [
        1,
        null,
        1,
        1,
        1,
        1,
        1,
        1,
        1,
        null,
        null
      ],
      "/Users/apple/Projects/Challenges/bookmark_manager/spec/feature/viewing_bookmarks_spec.rb": [
        1,
        null,
        1,
        1,
        1,
        1,
        1,
        null,
        null,
        1,
        1,
        1,
        null,
        null,
        null
      ],
      "/Users/apple/Projects/Challenges/bookmark_manager/spec/unit/bookmark_spec.rb": [
        1,
        1,
        null,
        1,
        1,
        2,
        2,
        null,
        null,
        1,
        1,
        1,
        1,
        null,
        null,
        null,
        1,
        1,
        1,
        1,
        1,
        null,
        null,
        null
      ],
      "/Users/apple/Projects/Challenges/bookmark_manager/lib/web_helper.rb": [
        1,
        1,
        2,
        2,
        null,
        null,
        1,
        2,
        2,
        null,
        null
      ]
    },
    "timestamp": 1549125187
  }
}
